2024-11-26 19:00:33.929 [info] Added views:outline in workbench.view.explorer
2024-11-26 19:00:33.929 [info] Added views:workbench.view.search in workbench.view.search
2024-11-26 19:00:33.929 [info] Added views:workbench.scm in workbench.view.scm
2024-11-26 19:00:33.929 [info] Added views:workbench.panel.markers.view in workbench.panel.markers
2024-11-26 19:00:33.929 [info] Added views:workbench.panel.output in workbench.panel.output
2024-11-26 19:00:33.929 [info] Added views:terminal in terminal
2024-11-26 19:00:33.929 [info] Added views:timeline in workbench.view.explorer
2024-11-26 19:00:33.929 [info] Added views:workbench.explorer.openEditorsView,workbench.explorer.emptyView in workbench.view.explorer
2024-11-26 19:00:34.343 [info] Added views:workbench.debug.variablesView,workbench.debug.watchExpressionsView,workbench.debug.callStackView,workbench.debug.breakPointsView in workbench.view.debug
2024-11-26 19:00:34.626 [info] Added views:~remote.forwardedPorts in ~remote.forwardedPortsContainer
2024-11-26 19:00:34.787 [info] Added views:workbench.panel.repl.view in workbench.panel.repl
2024-11-26 19:00:34.789 [info] Removed views:workbench.debug.breakPointsView,workbench.debug.callStackView,workbench.debug.watchExpressionsView,workbench.debug.variablesView from workbench.view.debug
2024-11-26 19:00:34.789 [info] Added views:workbench.debug.welcome in workbench.view.debug
2024-11-26 19:01:13.804 [info] Added views:outline in workbench.view.explorer
2024-11-26 19:01:13.804 [info] Added views:workbench.view.search in workbench.view.search
2024-11-26 19:01:13.804 [info] Added views:workbench.scm in workbench.view.scm
2024-11-26 19:01:13.805 [info] Added views:workbench.panel.markers.view in workbench.panel.markers
2024-11-26 19:01:13.805 [info] Added views:workbench.panel.output in workbench.panel.output
2024-11-26 19:01:13.805 [info] Added views:terminal in terminal
2024-11-26 19:01:13.805 [info] Added views:timeline in workbench.view.explorer
2024-11-26 19:01:13.805 [info] Added views:workbench.explorer.openEditorsView,workbench.explorer.fileView in workbench.view.explorer
2024-11-26 19:01:14.223 [info] Added views:workbench.debug.variablesView,workbench.debug.watchExpressionsView,workbench.debug.callStackView,workbench.debug.breakPointsView in workbench.view.debug
2024-11-26 19:01:14.420 [info] Added views:~remote.forwardedPorts in ~remote.forwardedPortsContainer
2024-11-26 19:01:14.522 [info] Added views:workbench.panel.repl.view in workbench.panel.repl
2024-11-26 19:01:14.524 [info] Removed views:workbench.debug.breakPointsView,workbench.debug.callStackView,workbench.debug.watchExpressionsView,workbench.debug.variablesView from workbench.view.debug
2024-11-26 19:01:14.524 [info] Added views:workbench.debug.welcome in workbench.view.debug
