2024-11-26 20:27:44.304 [info] [main] Log level: Info
2024-11-26 20:27:44.304 [info] [main] Validating found git in: "git"
2024-11-26 20:27:44.304 [info] [main] Using git "2.47.1" from "git"
2024-11-26 20:27:44.304 [info] [Model][doInitialScan] Initial repository scan started
2024-11-26 20:27:44.304 [info] > git rev-parse --show-toplevel [11ms]
2024-11-26 20:27:44.304 [info] [Model][doInitialScan] Initial repository scan completed - repositories (0), closed repositories (0), parent repositories (1), unsafe repositories (0)
2024-11-26 20:27:44.343 [info] > git rev-parse --show-toplevel [1ms]
2024-11-26 20:27:45.288 [info] > git rev-parse --show-toplevel [2ms]
2024-11-26 20:27:52.035 [info] > git rev-parse --show-toplevel [2ms]
2024-11-26 20:27:52.043 [info] > git rev-parse --git-dir --git-common-dir [2ms]
2024-11-26 20:27:52.068 [info] [Model][openRepository] Opened repository: /home/mohammedamer
2024-11-26 20:27:52.086 [info] > git config --get commit.template [4ms]
2024-11-26 20:27:52.096 [info] [Git][getRemotes] No remotes found in the git config file
2024-11-26 20:27:52.483 [info] > git for-each-ref --format=%(refname)%00%(upstream:short)%00%(objectname)%00%(upstream:track)%00%(upstream:remotename)%00%(upstream:remoteref) refs/heads/master refs/remotes/master [388ms]
2024-11-26 20:27:52.483 [warning] [Git][getBranch] No such branch: master
2024-11-26 20:27:52.499 [info] > git for-each-ref --sort -committerdate --format %(refname) %(objectname) %(*objectname) [2ms]
2024-11-26 20:27:52.605 [info] > git check-ignore -v -z --stdin [3ms]
2024-11-26 20:27:52.715 [info] > git status -z -uall [227ms]
2024-11-26 20:27:54.323 [info] > git for-each-ref --format=%(refname)%00%(upstream:short)%00%(objectname)%00%(upstream:track)%00%(upstream:remotename)%00%(upstream:remoteref) refs/heads/master refs/remotes/master [804ms]
2024-11-26 20:27:54.323 [warning] [Git][getBranch] No such branch: master
2024-11-26 20:27:54.324 [error] [GitHistoryProvider][resolveHEADMergeBase] Failed to resolve merge base for master: Error: No such branch: master.
2024-11-26 20:27:54.335 [info] > git config --get commit.template [16ms]
2024-11-26 20:27:54.344 [info] [Git][getRemotes] No remotes found in the git config file
2024-11-26 20:27:54.347 [info] > git for-each-ref --format=%(refname)%00%(upstream:short)%00%(objectname)%00%(upstream:track)%00%(upstream:remotename)%00%(upstream:remoteref) refs/heads/master refs/remotes/master [3ms]
2024-11-26 20:27:54.347 [warning] [Git][getBranch] No such branch: master
2024-11-26 20:27:54.378 [info] > git for-each-ref --sort -committerdate --format %(refname) %(objectname) %(*objectname) [10ms]
2024-11-26 20:27:54.586 [info] > git status -z -uall [231ms]
2024-11-26 20:27:56.766 [info] > git config --get commit.template [16ms]
2024-11-26 20:27:56.766 [info] [Git][getRemotes] No remotes found in the git config file
2024-11-26 20:27:56.772 [info] > git for-each-ref --format=%(refname)%00%(upstream:short)%00%(objectname)%00%(upstream:track)%00%(upstream:remotename)%00%(upstream:remoteref) refs/heads/master refs/remotes/master [2ms]
2024-11-26 20:27:56.772 [warning] [Git][getBranch] No such branch: master
2024-11-26 20:27:56.785 [info] > git for-each-ref --sort -committerdate --format %(refname) %(objectname) %(*objectname) [1ms]
2024-11-26 20:27:56.975 [info] > git status -z -uall [199ms]
2024-11-26 20:28:00.005 [info] > git show --textconv :Downloads/MobaXterm_Installer_v24.3.zip [8ms]
2024-11-26 20:28:00.007 [info] > git ls-files --stage -- /home/mohammedamer/Downloads/MobaXterm_Installer_v24.3.zip [2ms]
2024-11-26 20:28:02.054 [info] [Git][getRemotes] No remotes found in the git config file
2024-11-26 20:28:02.055 [info] > git config --get commit.template [12ms]
2024-11-26 20:28:02.056 [info] > git for-each-ref --format=%(refname)%00%(upstream:short)%00%(objectname)%00%(upstream:track)%00%(upstream:remotename)%00%(upstream:remoteref) refs/heads/master refs/remotes/master [3ms]
2024-11-26 20:28:02.057 [warning] [Git][getBranch] No such branch: master
2024-11-26 20:28:02.080 [info] > git for-each-ref --sort -committerdate --format %(refname) %(objectname) %(*objectname) [2ms]
2024-11-26 20:28:02.269 [info] > git status -z -uall [201ms]
2024-11-26 20:28:07.394 [info] [Git][getRemotes] No remotes found in the git config file
2024-11-26 20:28:07.401 [info] > git config --get commit.template [8ms]
2024-11-26 20:28:07.402 [info] > git for-each-ref --format=%(refname)%00%(upstream:short)%00%(objectname)%00%(upstream:track)%00%(upstream:remotename)%00%(upstream:remoteref) refs/heads/master refs/remotes/master [2ms]
2024-11-26 20:28:07.402 [warning] [Git][getBranch] No such branch: master
2024-11-26 20:28:07.420 [info] > git for-each-ref --sort -committerdate --format %(refname) %(objectname) %(*objectname) [1ms]
2024-11-26 20:28:07.610 [info] > git status -z -uall [201ms]
2024-11-26 20:28:10.992 [info] > git show --textconv :Git-repo/calculator.sh [9ms]
2024-11-26 20:28:10.994 [info] > git ls-files --stage -- /home/mohammedamer/Git-repo/calculator.sh [2ms]
2024-11-26 20:28:11.002 [info] > git cat-file -s 49e7bff85baf1009a632ea53b60d081b30e6677d [2ms]
2024-11-26 20:28:12.690 [info] [Git][getRemotes] No remotes found in the git config file
2024-11-26 20:28:12.691 [info] > git config --get commit.template [10ms]
2024-11-26 20:28:12.691 [info] > git for-each-ref --format=%(refname)%00%(upstream:short)%00%(objectname)%00%(upstream:track)%00%(upstream:remotename)%00%(upstream:remoteref) refs/heads/master refs/remotes/master [2ms]
2024-11-26 20:28:12.691 [warning] [Git][getBranch] No such branch: master
2024-11-26 20:28:12.709 [info] > git for-each-ref --sort -committerdate --format %(refname) %(objectname) %(*objectname) [1ms]
2024-11-26 20:28:12.912 [info] > git status -z -uall [214ms]
