2024-11-26 19:03:03.066 [info] [main] Log level: Info
2024-11-26 19:03:03.066 [info] [main] Validating found git in: "git"
2024-11-26 19:03:03.066 [info] [main] Using git "2.47.1" from "git"
2024-11-26 19:03:03.066 [info] [Model][doInitialScan] Initial repository scan started
2024-11-26 19:03:03.066 [info] [Model][doInitialScan] Initial repository scan completed - repositories (0), closed repositories (0), parent repositories (0), unsafe repositories (0)
2024-11-26 19:03:56.080 [info] [main] Log level: Info
2024-11-26 19:03:56.080 [info] [main] Validating found git in: "git"
2024-11-26 19:03:56.080 [info] [main] Using git "2.47.1" from "git"
2024-11-26 19:03:56.080 [info] [Model][doInitialScan] Initial repository scan started
2024-11-26 19:03:56.080 [info] > git rev-parse --show-toplevel [11ms]
2024-11-26 19:03:56.080 [info] fatal: not a git repository (or any of the parent directories): .git
2024-11-26 19:03:56.080 [info] [Model][doInitialScan] Initial repository scan completed - repositories (0), closed repositories (0), parent repositories (0), unsafe repositories (0)
2024-11-26 19:03:57.416 [info] > git rev-parse --show-toplevel [2ms]
2024-11-26 19:03:57.416 [info] fatal: not a git repository (or any of the parent directories): .git
2024-11-26 19:05:05.702 [info] [main] Log level: Info
2024-11-26 19:05:05.702 [info] [main] Validating found git in: "git"
2024-11-26 19:05:05.702 [info] [main] Using git "2.47.1" from "git"
2024-11-26 19:05:05.702 [info] [Model][doInitialScan] Initial repository scan started
2024-11-26 19:05:05.702 [info] [Model][doInitialScan] Initial repository scan completed - repositories (0), closed repositories (0), parent repositories (0), unsafe repositories (0)
2024-11-26 19:05:15.055 [info] > git rev-parse --show-toplevel [2ms]
2024-11-26 19:05:15.055 [info] fatal: not a git repository (or any of the parent directories): .git
2024-11-26 19:05:16.404 [info] [main] Log level: Info
2024-11-26 19:05:16.404 [info] [main] Validating found git in: "git"
2024-11-26 19:05:16.404 [info] [main] Using git "2.47.1" from "git"
2024-11-26 19:05:16.404 [info] [Model][doInitialScan] Initial repository scan started
2024-11-26 19:05:16.404 [info] > git rev-parse --show-toplevel [11ms]
2024-11-26 19:05:16.404 [info] fatal: not a git repository (or any of the parent directories): .git
2024-11-26 19:05:16.404 [info] [Model][doInitialScan] Initial repository scan completed - repositories (0), closed repositories (0), parent repositories (0), unsafe repositories (0)
2024-11-26 19:05:20.472 [info] > git rev-parse --show-toplevel [1ms]
2024-11-26 19:05:20.473 [info] fatal: not a git repository (or any of the parent directories): .git
2024-11-26 19:05:20.491 [info] > git rev-parse --show-toplevel [2ms]
2024-11-26 19:05:20.491 [info] fatal: not a git repository (or any of the parent directories): .git
