2024-11-26 19:03:01.930 [info] Added views:outline in workbench.view.explorer
2024-11-26 19:03:01.930 [info] Added views:workbench.view.search in workbench.view.search
2024-11-26 19:03:01.930 [info] Added views:workbench.scm in workbench.view.scm
2024-11-26 19:03:01.930 [info] Added views:workbench.panel.markers.view in workbench.panel.markers
2024-11-26 19:03:01.930 [info] Added views:workbench.panel.output in workbench.panel.output
2024-11-26 19:03:01.930 [info] Added views:terminal in terminal
2024-11-26 19:03:01.930 [info] Added views:timeline in workbench.view.explorer
2024-11-26 19:03:01.930 [info] Added views:workbench.explorer.openEditorsView,workbench.explorer.emptyView in workbench.view.explorer
2024-11-26 19:03:02.374 [info] Added views:workbench.debug.variablesView,workbench.debug.watchExpressionsView,workbench.debug.callStackView,workbench.debug.breakPointsView in workbench.view.debug
2024-11-26 19:03:02.714 [info] Added views:workbench.panel.repl.view in workbench.panel.repl
2024-11-26 19:03:02.715 [info] Removed views:workbench.debug.breakPointsView,workbench.debug.callStackView,workbench.debug.watchExpressionsView,workbench.debug.variablesView from workbench.view.debug
2024-11-26 19:03:02.716 [info] Added views:workbench.debug.welcome in workbench.view.debug
2024-11-26 19:03:02.831 [info] Added views:~remote.forwardedPorts in ~remote.forwardedPortsContainer
2024-11-26 19:03:54.833 [info] Added views:outline in workbench.view.explorer
2024-11-26 19:03:54.833 [info] Added views:workbench.view.search in workbench.view.search
2024-11-26 19:03:54.833 [info] Added views:workbench.scm in workbench.view.scm
2024-11-26 19:03:54.833 [info] Added views:workbench.panel.markers.view in workbench.panel.markers
2024-11-26 19:03:54.833 [info] Added views:workbench.panel.output in workbench.panel.output
2024-11-26 19:03:54.833 [info] Added views:terminal in terminal
2024-11-26 19:03:54.833 [info] Added views:timeline in workbench.view.explorer
2024-11-26 19:03:54.833 [info] Added views:workbench.explorer.openEditorsView,workbench.explorer.fileView in workbench.view.explorer
2024-11-26 19:03:55.431 [info] Added views:workbench.debug.variablesView,workbench.debug.watchExpressionsView,workbench.debug.callStackView,workbench.debug.breakPointsView in workbench.view.debug
2024-11-26 19:03:55.481 [info] Added views:~remote.forwardedPorts in ~remote.forwardedPortsContainer
2024-11-26 19:03:55.676 [info] Added views:workbench.panel.repl.view in workbench.panel.repl
2024-11-26 19:03:55.679 [info] Removed views:workbench.debug.breakPointsView,workbench.debug.callStackView,workbench.debug.watchExpressionsView,workbench.debug.variablesView from workbench.view.debug
2024-11-26 19:03:55.680 [info] Added views:workbench.debug.welcome in workbench.view.debug
2024-11-26 19:05:04.386 [info] Removed views:workbench.explorer.fileView from workbench.view.explorer
2024-11-26 19:05:04.400 [info] Added views:workbench.explorer.emptyView in workbench.view.explorer
2024-11-26 19:05:04.696 [info] Removed views:workbench.panel.repl.view from workbench.panel.repl
2024-11-26 19:05:05.010 [info] Added views:workbench.panel.repl.view in workbench.panel.repl
2024-11-26 19:05:15.013 [info] Removed views:workbench.explorer.emptyView from workbench.view.explorer
2024-11-26 19:05:15.027 [info] Added views:workbench.explorer.fileView in workbench.view.explorer
2024-11-26 19:05:15.353 [info] Removed views:workbench.panel.repl.view from workbench.panel.repl
2024-11-26 19:05:15.663 [info] Added views:workbench.panel.repl.view in workbench.panel.repl
